<?xml version="1.0" encoding="UTF-8"?>
<!-- Generated by org.testng.reporters.JUnitReportReporter -->
<testsuite skipped="0" hostname="DESKTOP-9RKPRPI" name="com.org.pune.GoogleSearchTest.WindowHandlingClass" tests="1" failures="0" timestamp="02 Apr 2019 07:50:36 GMT" time="3.732" errors="0">
  <testcase name="f" time="3.732" classname="com.org.pune.GoogleSearchTest.WindowHandlingClass"/>
</testsuite> <!-- com.org.pune.GoogleSearchTest.WindowHandlingClass -->
