<?xml version="1.0" encoding="UTF-8"?>
<!-- Generated by org.testng.reporters.JUnitReportReporter -->
<testsuite skipped="0" hostname="DESKTOP-9RKPRPI" name="com.org.pune.GoogleSearchTest.seleniumtestng" tests="1" failures="0" timestamp="26 Mar 2019 07:06:01 GMT" time="0.109" errors="0">
  <testcase name="f" time="0.109" classname="com.org.pune.GoogleSearchTest.seleniumtestng"/>
</testsuite> <!-- com.org.pune.GoogleSearchTest.seleniumtestng -->
